Plugin v0.0.1 running on KiCad 7.0.9 and Python 3.9.16 (main, Oct 13 2023, 05:50:11) [MSC v.1936 64 bit (AMD64)] on win32.
Imported C:\Users\shink\Projects\RC_Charger\ClassD.kicad_pcb, with 27 footprints, 26 tracks, and 0 drawings.
Imported C:\Users\shink\Projects\RC_Charger\RC_Charger.kicad_pcb, with 758 footprints, 4990 tracks, and 1 drawings.
 (+ PCB C:\Users\shink\Projects\RC_Charger\RC_Charger.kicad_pcb)
├─ 30V
│  ├─ IOMCU1
│  ├─ PowerStage1
├─ BattStage2
│  ├─ PowerStage
│  ├─ IOMCU
│  ├─ Feedback
├─ BattStage1
│  ├─ PowerStage
│  ├─ IOMCU
│  ├─ Feedback
├─ 24V
│  ├─ IOMCU1
│  ├─ PowerStage1
├─ BattStage3
│  ├─ PowerStage
│  ├─ IOMCU
│  ├─ Feedback
├─ BattStage4
│  ├─ PowerStage
│  ├─ IOMCU
│  ├─ Feedback
├─ Audio (+ PCB C:\Users\shink\Projects\RC_Charger\ClassD.kicad_pcb)
PCB C:\Users\shink\Projects\RC_Charger\ClassD.kicad_pcb
  /4f0dff69: C42
  /0fe3c575: C49
  /c9cd38a7: U14
  /477395eb: C48
  /a73a0786: J3
  /0bdd9d16: C44
  /7d91b593: C274
  /79a948a5: C271
  /5c77bd12: C272
  /fa34854c: C54
  /4d5313a7: L2
  /1b078ae7: J4
  /c93a79ee: L5
  /029333a9: C53
  /047e2114: C50
  /5d59a3aa: C52
  /ea0950eb: C47
  /83763cc2: C273
  /31c208d2: L4
  /4f57b048: C51
  /310a10c5: U13
  /54606f1a: C46
  /82ac9d93: C43
  /67cfd12d: C270
  /15e2ee22: L3
  /7e3a905e: C275
  /af22ffb4: C45
PCB C:\Users\shink\Projects\RC_Charger\RC_Charger.kicad_pcb
  /fcb554a4/c9cd38a7: U14
  /fcb554a4/310a10c5: U13
  /fcb554a4/c93a79ee: L5
  /fcb554a4/31c208d2: L4
  /fcb554a4/15e2ee22: L3
  /fcb554a4/4d5313a7: L2
  /fcb554a4/1b078ae7: J4
  /fcb554a4/a73a0786: J3
  /fcb554a4/20ebbaa4: C275
  /fcb554a4/40d9cf79: C274
  /fcb554a4/8001d4e7: C273
  /fcb554a4/52d586d7: C272
  /fcb554a4/5ef9a948: C271
  /fcb554a4/030e3e60: C270
  /fcb554a4/fa34854c: C54
  /fcb554a4/029333a9: C53
  /fcb554a4/5d59a3aa: C52
  /fcb554a4/4f57b048: C51
  /fcb554a4/047e2114: C50
  /fcb554a4/0fe3c575: C49
  /fcb554a4/477395eb: C48
  /fcb554a4/ea0950eb: C47
  /fcb554a4/54606f1a: C46
  /fcb554a4/af22ffb4: C45
  /fcb554a4/0bdd9d16: C44
  /fcb554a4/82ac9d93: C43
  /fcb554a4/4f0dff69: C42
  /1ee38852/2996aedb/05b30a76: R66
  /1ee38852/5caa8701/073b1113: JP4
  /1ee38852/eb994be7/826703ee: U22
  /1ee38852/eb994be7/23d8beb1: U24
  /1ee38852/eb994be7/c43b943c: R108
  /1ee38852/5caa8701/80adac55: C93
  /1ee38852/2996aedb/06db586e: R67
  /1ee38852/eb994be7/dbd664f3: R91
  /1ee38852/eb994be7/9610b743: R101
  /1ee38852/5caa8701/ac768241: U28
  /1ee38852/eb994be7/0a701e9a: R89
  /1ee38852/2996aedb/f56dd39c: R68
  /1ee38852/eb994be7/73e31506: R100
  /1ee38852/eb994be7/25eb8f06: C89
  /1ee38852/eb994be7/241c85fa: R96
  /1ee38852/eb994be7/6e3c7945: R92
  /1ee38852/eb994be7/451ad4da: U23
  /1ee38852/2996aedb/70cfd7b4: C74
  /1ee38852/eb994be7/de666706: R105
  /1ee38852/eb994be7/ee31212a: C83
  /1ee38852/eb994be7/06a24946: R80
  /1ee38852/eb994be7/322a6777: Q17
  /1ee38852/eb994be7/42cd8441: U19
  /1ee38852/2996aedb/f033a11f: R64
  /1ee38852/eb994be7/ad698785: R99
  /1ee38852/eb994be7/7bd6eec7: R113
  /1ee38852/eb994be7/ae40bce9: R110
  /1ee38852/eb994be7/2121ff10: R109
  /1ee38852/eb994be7/d1a780a7: R116
  /1ee38852/eb994be7/0216826f: C86
  /1ee38852/eb994be7/c0661c7a: C85
  /1ee38852/5caa8701/365f3f9c: C94
  /1ee38852/eb994be7/c52c968b: R79
  /1ee38852/2996aedb/af330e37: R63
  /1ee38852/eb994be7/739bf99a: Q18
  /1ee38852/eb994be7/2f77eec1: R83
  /1ee38852/5caa8701/b9358787: C91
  /1ee38852/38f7ec2b: J5
  /1ee38852/2996aedb/2ec636f8: C64
  /1ee38852/2996aedb/c0c731ff: R69
  /1ee38852/eb994be7/0a903369: R104
  /1ee38852/eb994be7/93298c08: Q15
  /1ee38852/2996aedb/377113b7: C79
  /1ee38852/5caa8701/01bede8a: C259
  /1ee38852/5caa8701/f651a665: C265
  /1ee38852/eb994be7/5cc7705c: R111
  /1ee38852/eb994be7/aa5ce417: R90
  /1ee38852/eb994be7/44be16bd: R118
  /1ee38852/eb994be7/9936a6ba: R77
  /1ee38852/eb994be7/0c3dbb22: R106
  /1ee38852/5caa8701/797619f6: J7
  /1ee38852/5caa8701/e67e12f4: D4
  /1ee38852/eb994be7/dba2d7f4: R97
  /1ee38852/eb994be7/473d69a6: C88
  /1ee38852/eb994be7/28d60a13: C87
  /1ee38852/5caa8701/0dee2cf8: C95
  /1ee38852/eb994be7/ebcf196d: R93
  /1ee38852/2996aedb/013dfc90: U16
  /1ee38852/5caa8701/6d43f53d: R120
  /1ee38852/5caa8701/7b504620: R122
  /1ee38852/eb994be7/72ca1877: R95
  /1ee38852/eb994be7/2ade7d78: R85
  /1ee38852/2996aedb/79483059: R71
  /1ee38852/eb994be7/fc311939: R114
  /1ee38852/5caa8701/639d3192: C92
  /1ee38852/eb994be7/ace563f1: Q19
  /1ee38852/eb994be7/f1da69a6: R103
  /1ee38852/2996aedb/0d0009ea: C67
  /1ee38852/2996aedb/0cc270c1: C63
  /1ee38852/eb994be7/a15e9631: R117
  /1ee38852/2996aedb/b0b6f213: C69
  /1ee38852/eb994be7/d6a0d942: C90
  /1ee38852/eb994be7/598d359b: R112
  /1ee38852/5caa8701/7bfd064b: C253
  /1ee38852/eb994be7/1430c1ff: R84
  /1ee38852/eb994be7/04903647: R87
  /1ee38852/5caa8701/8fd280b9: Y2
  /1ee38852/5caa8701/914b1c55: U27
  /1ee38852/eb994be7/01d26dc8: Q20
  /1ee38852/eb994be7/a019f83a: R94
  /1ee38852/eb994be7/b4871560: U20
  /1ee38852/2996aedb/d4a4089d: R75
  /1ee38852/2996aedb/63208d2d: R70
  /1ee38852/5caa8701/92683b2c: R119
  /1ee38852/eb994be7/d3d1df2a: J6
  /1ee38852/eb994be7/48eff81a: R98
  /1ee38852/2996aedb/142cdb97: R62
  /1ee38852/eb994be7/7b1437eb: R115
  /1ee38852/2996aedb/e50ace63: R73
  /1ee38852/5caa8701/9aaee289: D3
  /1ee38852/eb994be7/b0b1c027: R78
  /1ee38852/eb994be7/fbc4f366: U18
  /1ee38852/eb994be7/85d0e99d: R102
  /1ee38852/eb994be7/a05d0333: R86
  /1ee38852/eb994be7/79c23af2: C84
  /1ee38852/eb994be7/b25047cb: U25
  /1ee38852/5caa8701/1c2deb21: R121
  /1ee38852/eb994be7/912f91db: R107
  /1ee38852/5caa8701/ac4e7b65: C247
  /1ee38852/eb994be7/a2546b54: R88
  /1ee38852/2996aedb/c8f4b82e: R65
  /1ee38852/eb994be7/5a4a0c5f: Q16
  /1ee38852/eb994be7/167387cb: C82
  /1ee38852/2996aedb/2b543b82: C65
  /1ee38852/2996aedb/2692c080: C61
  /1ee38852/2996aedb/9eb56f02: C60
  /1ee38852/eb994be7/879bd915: R82
  /1ee38852/eb994be7/f5d93577: U26
  /1ee38852/2996aedb/80ab2574: C59
  /1ee38852/d2e087ad: J16
  /1ee38852/2996aedb/5b01b35c: C76
  /1ee38852/2996aedb/5eb65ca3: L6
  /1ee38852/2996aedb/74ca3eb3: R76
  /1ee38852/1f9b687e: U59
  /1ee38852/2996aedb/2565b150: Q14
  /1ee38852/2996aedb/5708a2ea: R74
  /1ee38852/2996aedb/dbf24fd0: C81
  /1ee38852/2996aedb/fec6b7b2: R72
  /1ee38852/2996aedb/32eda6c3: C66
  /1ee38852/2996aedb/752cd22b: C73
  /1ee38852/2996aedb/d79ff04a: C70
  /1ee38852/2996aedb/83690ced: C71
  /1ee38852/eb994be7/c38de2e1: R81
  /1ee38852/2996aedb/e610de38: C57
  /1ee38852/2996aedb/50b11da5: C58
  /1ee38852/2996aedb/8ed6c7ee: C55
  /1ee38852/5caa8701/7b28956c: JP3
  /1ee38852/eb994be7/8f785479: U21
  /1ee38852/2996aedb/37b9b87e: Q13
  /1ee38852/2996aedb/04241121: C75
  /1ee38852/2996aedb/ec57e852: U17
  /1ee38852/be4e6860: Q41
  /1ee38852/2abafdbf: R246
  /1ee38852/fab2a6b8: R249
  /1ee38852/2996aedb/ed0b2b13: Q11
  /1ee38852/2996aedb/e1a0afe7: Q12
  /1ee38852/2996aedb/9e5bb971: C72
  /1ee38852/2996aedb/4cc549da: C78
  /1ee38852/2996aedb/0972d1f1: C80
  /1ee38852/2996aedb/6a0410db: C68
  /1ee38852/2996aedb/c2063492: C56
  /1ee38852/2996aedb/4f2fd6d6: C77
  /1ee38852/71250e05: K1
  /1ee38852/2996aedb/78f27f1e: C62
  /53b147f5/2996aedb/e50ace63: R176
  /44385ac6/5caa8701/f651a665: C264
  /abac92d4/2996aedb/83690ced: C153
  /44385ac6/2996aedb/013dfc90: U10
  /abac92d4/2996aedb/0d0009ea: C149
  /53b147f5/5caa8701/ac768241: U41
  /04d63f39/7900c120/01bede8a: C263
  /53b147f5/eb994be7/a05d0333: R132
  /abac92d4/eb994be7/fc311939: R240
  /53b147f5/eb994be7/dba2d7f4: R143
  /53b147f5/eb994be7/c0661c7a: C99
  /abac92d4/2996aedb/70cfd7b4: C156
  /53b147f5/eb994be7/fc311939: R160
  /4a26135b/83efb510/013dfc90: U63
  /44385ac6/eb994be7/25eb8f06: C8
  /4a26135b/83efb510/f033a11f: R255
  /abac92d4/eb994be7/a2546b54: R214
  /abac92d4/eb994be7/93298c08: Q35
  /44385ac6/eb994be7/739bf99a: Q4
  /4a26135b/83efb510/377113b7: C206
  /53b147f5/2996aedb/79483059: R174
  /53b147f5/2996aedb/2692c080: C111
  /abac92d4/38f7ec2b: J12
  /53b147f5/eb994be7/93298c08: Q21
  /44385ac6/eb994be7/fc311939: R38
  /53b147f5/eb994be7/5a4a0c5f: Q22
  /abac92d4/5caa8701/ac4e7b65: C249
  /44385ac6/eb994be7/a019f83a: R18
  /53b147f5/5caa8701/639d3192: C133
  /abac92d4/eb994be7/c43b943c: R234
  /4a26135b/7900c120/ac4e7b65: C250
  /44385ac6/eb994be7/aa5ce417: R14
  /abac92d4/2996aedb/9eb56f02: C142
  /4a26135b/7900c120/8fd280b9: Y5
  /53b147f5/eb994be7/73e31506: R146
  /abac92d4/eb994be7/c38de2e1: R207
  /53b147f5/eb994be7/5cc7705c: R157
  /4a26135b/7900c120/92683b2c: R268
  /abac92d4/5caa8701/0dee2cf8: C168
  /4a26135b/7900c120/0dee2cf8: C213
  /44385ac6/eb994be7/167387cb: C1
  /4a26135b/a84b1233: J20
  /abac92d4/5caa8701/365f3f9c: C167
  /4a26135b/7900c120/ac768241: U66
  /abac92d4/2996aedb/f56dd39c: R190
  /04d63f39/7900c120/365f3f9c: C244
  /53b147f5/eb994be7/85d0e99d: R148
  /abac92d4/eb994be7/1430c1ff: R210
  /abac92d4/eb994be7/912f91db: R233
  /4a26135b/83efb510/2692c080: C188
  /abac92d4/eb994be7/06a24946: R206
  /44385ac6/eb994be7/c38de2e1: R5
  /44385ac6/eb994be7/7b1437eb: R39
  /44385ac6/eb994be7/ae40bce9: R34
  /04d63f39/7900c120/92683b2c: R287
  /abac92d4/5caa8701/f651a665: C267
  /53b147f5/eb994be7/8f785479: U32
  /44385ac6/5caa8701/073b1113: JP2
  /53b147f5/eb994be7/9936a6ba: R123
  /4a26135b/83efb510/f56dd39c: R259
  /53b147f5/2996aedb/2ec636f8: C114
  /53b147f5/eb994be7/48eff81a: R144
  /44385ac6/5caa8701/9aaee289: D1
  /44385ac6/2996aedb/c0c731ff: R50
  /4a0ba8b2: R292
  /393fc48a: C178
  /44385ac6/eb994be7/c52c968b: R3
  /04d63f39/83efb510/0d0009ea: C226
  /44385ac6/2996aedb/06db586e: R48
  /4a26135b/83efb510/2b543b82: C192
  /04d63f39/83efb510/b0b6f213: C228
  /04d63f39/7900c120/ac768241: U70
  /abac92d4/eb994be7/b0b1c027: R204
  /44385ac6/2996aedb/63208d2d: R51
  /44385ac6/eb994be7/9610b743: R25
  /44385ac6/5caa8701/b9358787: C37
  /53b147f5/2996aedb/af330e37: R166
  /abac92d4/eb994be7/5cc7705c: R237
  /44385ac6/eb994be7/6e3c7945: R16
  /53b147f5/eb994be7/f1da69a6: R149
  /53b147f5/eb994be7/79c23af2: C98
  /53b147f5/eb994be7/2f77eec1: R129
  /53b147f5/eb994be7/01d26dc8: Q26
  /53b147f5/38f7ec2b: J8
  /04d63f39/83efb510/377113b7: C238
  /87ec7cd5: C276
  /44385ac6/5caa8701/0dee2cf8: C41
  /44385ac6/2996aedb/2b543b82: C20
  /44385ac6/2996aedb/70cfd7b4: C29
  /abac92d4/5caa8701/e67e12f4: D8
  /abac92d4/eb994be7/d3d1df2a: J14
  /abac92d4/eb994be7/aa5ce417: R216
  /44385ac6/2996aedb/f56dd39c: R49
  /04d63f39/7900c120/797619f6: J23
  /abac92d4/eb994be7/598d359b: R238
  /abac92d4/eb994be7/f1da69a6: R229
  /44385ac6/eb994be7/23d8beb1: U7
  /44385ac6/eb994be7/d6a0d942: C9
  /4a26135b/7900c120/639d3192: C210
  /44385ac6/2996aedb/af330e37: R44
  /53b147f5/eb994be7/598d359b: R158
  /abac92d4/eb994be7/451ad4da: U51
  /abac92d4/5caa8701/7b28956c: JP7
  /53b147f5/2996aedb/06db586e: R170
  /4a26135b/7900c120/6d43f53d: R269
  /53b147f5/eb994be7/c38de2e1: R127
  /abac92d4/eb994be7/b25047cb: U53
  /53b147f5/eb994be7/d3d1df2a: J9
  /53b147f5/eb994be7/fbc4f366: U29
  /04d63f39/7900c120/e67e12f4: D12
  /53b147f5/eb994be7/2ade7d78: R131
  /44385ac6/eb994be7/0216826f: C5
  /53b147f5/eb994be7/06a24946: R126
  /53b147f5/2996aedb/70cfd7b4: C124
  /53b147f5/5caa8701/0dee2cf8: C136
  /04d63f39/83efb510/0cc270c1: C222
  /44385ac6/eb994be7/473d69a6: C7
  /04d63f39/83efb510/f033a11f: R274
  /53b147f5/5caa8701/e67e12f4: D6
  /44385ac6/5caa8701/80adac55: C39
  /53b147f5/eb994be7/167387cb: C96
  /44385ac6/eb994be7/01d26dc8: Q6
  /44385ac6/2996aedb/0d0009ea: C22
  /abac92d4/eb994be7/d1a780a7: R242
  /53b147f5/2996aedb/142cdb97: R165
  /04d63f39/7900c120/b9358787: C241
  /abac92d4/2996aedb/c0c731ff: R191
  /53b147f5/eb994be7/0216826f: C100
  /53b147f5/eb994be7/1430c1ff: R130
  /53b147f5/5caa8701/365f3f9c: C135
  /44385ac6/2996aedb/05b30a76: R47
  /53b147f5/eb994be7/de666706: R151
  /04d63f39/7900c120/639d3192: C242
  /53b147f5/eb994be7/ace563f1: Q25
  /53b147f5/eb994be7/aa5ce417: R136
  /04d63f39/83efb510/af330e37: R273
  /4a26135b/7900c120/7bfd064b: C256
  /abac92d4/eb994be7/241c85fa: R222
  /44385ac6/eb994be7/d1a780a7: R40
  /44385ac6/5caa8701/1c2deb21: R60
  /4a26135b/83efb510/63208d2d: R261
  /44385ac6/5caa8701/365f3f9c: C40
  /44385ac6/eb994be7/0a903369: R28
  /53b147f5/eb994be7/b25047cb: U36
  /44385ac6/eb994be7/9936a6ba: R1
  /53b147f5/2996aedb/05b30a76: R169
  /4a26135b/7900c120/f651a665: C268
  /abac92d4/eb994be7/d6a0d942: C177
  /53b147f5/eb994be7/473d69a6: C102
  /04d63f39/7900c120/7b504620: R290
  /abac92d4/eb994be7/23d8beb1: U52
  /44385ac6/2996aedb/377113b7: C34
  /44385ac6/eb994be7/ee31212a: C2
  /04d63f39/7900c120/1c2deb21: R289
  /44385ac6/5caa8701/7bfd064b: C252
  /abac92d4/eb994be7/ae40bce9: R236
  /abac92d4/eb994be7/ee31212a: C170
  /44385ac6/2996aedb/e50ace63: R54
  /44385ac6/5caa8701/7b28956c: JP1
  /b93bdba7: U56
  /abac92d4/eb994be7/322a6777: Q37
  /04d63f39/7900c120/0dee2cf8: C245
  /44385ac6/eb994be7/04903647: R11
  /44385ac6/eb994be7/ad698785: R23
  /53b147f5/eb994be7/f5d93577: U37
  /abac92d4/eb994be7/879bd915: R208
  /abac92d4/2996aedb/142cdb97: R184
  /53b147f5/eb994be7/d1a780a7: R162
  /53b147f5/2996aedb/9eb56f02: C110
  /04d63f39/83efb510/63208d2d: R280
  /53b147f5/2996aedb/f033a11f: R167
  /44385ac6/eb994be7/a2546b54: R12
  /53b147f5/eb994be7/a019f83a: R140
  /44385ac6/5caa8701/7b504620: R61
  /04d63f39/83efb510/142cdb97: R272
  /04d63f39/7900c120/7b28956c: JP11
  /04d63f39/7900c120/f651a665: C269
  /4a26135b/83efb510/05b30a76: R257
  /4a26135b/7900c120/7b504620: R271
  /04d63f39/83efb510/e50ace63: R283
  /53b147f5/eb994be7/c43b943c: R154
  /53b147f5/5caa8701/ac4e7b65: C248
  /abac92d4/eb994be7/c52c968b: R205
  /53b147f5/eb994be7/42cd8441: U30
  /53b147f5/2996aedb/0d0009ea: C117
  /4a26135b/7900c120/073b1113: JP10
  /53b147f5/2996aedb/b0b6f213: C119
  /44385ac6/eb994be7/85d0e99d: R26
  /04d63f39/83efb510/9eb56f02: C219
  /abac92d4/eb994be7/fbc4f366: U46
  /44385ac6/eb994be7/1430c1ff: R8
  /53b147f5/5caa8701/80adac55: C134
  /44385ac6/5caa8701/797619f6: J2
  /53b147f5/2996aedb/f56dd39c: R171
  /4a26135b/7900c120/365f3f9c: C212
  /44385ac6/eb994be7/5cc7705c: R35
  /abac92d4/2996aedb/b0b6f213: C151
  /04d63f39/7900c120/9aaee289: D11
  /abac92d4/eb994be7/85d0e99d: R228
  /53b147f5/eb994be7/6e3c7945: R138
  /44385ac6/2996aedb/9eb56f02: C15
  /abac92d4/eb994be7/dba2d7f4: R223
  /abac92d4/eb994be7/ace563f1: Q39
  /53b147f5/2996aedb/c0c731ff: R172
  /abac92d4/eb994be7/2ade7d78: R211
  /44385ac6/eb994be7/322a6777: Q3
  /4a26135b/7900c120/7b28956c: JP9
  /abac92d4/2996aedb/d4a4089d: R197
  /abac92d4/eb994be7/f5d93577: U54
  /53b147f5/eb994be7/28d60a13: C101
  /44385ac6/eb994be7/2f77eec1: R7
  /be58592e: U72
  /44385ac6/2996aedb/f033a11f: R45
  /44385ac6/eb994be7/dba2d7f4: R21
  /44385ac6/eb994be7/48eff81a: R22
  /44385ac6/eb994be7/c43b943c: R32
  /abac92d4/eb994be7/a019f83a: R220
  /abac92d4/eb994be7/dbd664f3: R217
  /abac92d4/2996aedb/013dfc90: U42
  /44385ac6/eb994be7/451ad4da: U6
  /53b147f5/5caa8701/073b1113: JP6
  /4a26135b/83efb510/9eb56f02: C187
  /abac92d4/2996aedb/2692c080: C143
  /44385ac6/eb994be7/c0661c7a: C4
  /53b147f5/eb994be7/451ad4da: U34
  /53b147f5/5caa8701/92683b2c: R180
  /53b147f5/eb994be7/0a701e9a: R135
  /4a26135b/83efb510/79483059: R262
  /4a26135b/7900c120/01bede8a: C262
  /abac92d4/2996aedb/f033a11f: R186
  /4a26135b/83efb510/d4a4089d: R266
  /53b147f5/eb994be7/0a903369: R150
  /abac92d4/5caa8701/80adac55: C166
  /44385ac6/eb994be7/d3d1df2a: J1
  /abac92d4/eb994be7/0a701e9a: R215
  /53b147f5/eb994be7/b0b1c027: R124
  /44385ac6/5caa8701/8fd280b9: Y1
  /badc165c: C277
  /abac92d4/2996aedb/377113b7: C161
  /abac92d4/5caa8701/797619f6: J13
  /4a26135b/83efb510/0d0009ea: C194
  /44385ac6/5caa8701/e67e12f4: D2
  /4a26135b/7900c120/80adac55: C211
  /abac92d4/eb994be7/167387cb: C169
  /abac92d4/eb994be7/739bf99a: Q38
  /04d63f39/7900c120/80adac55: C243
  /44385ac6/eb994be7/0a701e9a: R13
  /4def0db2: J25
  /53b147f5/2996aedb/0cc270c1: C113
  /abac92d4/5caa8701/073b1113: JP8
  /44385ac6/eb994be7/73e31506: R24
  /abac92d4/5caa8701/914b1c55: U44
  /4a26135b/83efb510/06db586e: R258
  /abac92d4/5caa8701/01bede8a: C261
  /53b147f5/2996aedb/63208d2d: R173
  /53b147f5/5caa8701/01bede8a: C260
  /abac92d4/eb994be7/0c3dbb22: R232
  /abac92d4/2996aedb/05b30a76: R188
  /04d63f39/7900c120/7bfd064b: C257
  /04d63f39/7900c120/914b1c55: U69
  /53b147f5/2996aedb/2b543b82: C115
  /abac92d4/eb994be7/a05d0333: R212
  /53b147f5/eb994be7/a15e9631: R163
  /53b147f5/5caa8701/797619f6: J10
  /4a26135b/7900c120/1c2deb21: R270
  /abac92d4/5caa8701/92683b2c: R199
  /53b147f5/eb994be7/ee31212a: C97
  /4a26135b/83efb510/83690ced: C198
  /53b147f5/5caa8701/1c2deb21: R182
  /04d63f39/a84b1233: J22
  /04d63f39/83efb510/83690ced: C230
  /abac92d4/eb994be7/25eb8f06: C176
  /44385ac6/eb994be7/241c85fa: R20
  /abac92d4/5caa8701/7b504620: R202
  /44385ac6/eb994be7/912f91db: R31
  /04d63f39/7900c120/073b1113: JP12
  /4a26135b/7900c120/9aaee289: D9
  /abac92d4/5caa8701/1c2deb21: R201
  /53b147f5/eb994be7/7b1437eb: R161
  /44385ac6/2996aedb/2692c080: C16
  /a5daa9fd: C179
  /04d63f39/7900c120/ac4e7b65: C251
  /abac92d4/eb994be7/473d69a6: C175
  /44385ac6/eb994be7/79c23af2: C3
  /abac92d4/eb994be7/44be16bd: R244
  /abac92d4/eb994be7/72ca1877: R221
  /53b147f5/eb994be7/739bf99a: Q24
  /4a26135b/7900c120/b9358787: C209
  /abac92d4/eb994be7/5a4a0c5f: Q36
  /abac92d4/eb994be7/9610b743: R227
  /abac92d4/2996aedb/af330e37: R185
  /04d63f39/83efb510/c8f4b82e: R275
  /abac92d4/2996aedb/0cc270c1: C145
  /04d63f39/83efb510/013dfc90: U67
  /44385ac6/2996aedb/c8f4b82e: R46
  /4a26135b/83efb510/2ec636f8: C191
  /abac92d4/eb994be7/2121ff10: R235
  /44385ac6/eb994be7/f5d93577: U9
  /abac92d4/eb994be7/a15e9631: R243
  /53b147f5/5caa8701/8fd280b9: Y3
  /53b147f5/5caa8701/7b28956c: JP5
  /abac92d4/eb994be7/73e31506: R226
  /abac92d4/2996aedb/e50ace63: R195
  /44385ac6/eb994be7/2121ff10: R33
  /53b147f5/2996aedb/013dfc90: U38
  /4a26135b/7900c120/914b1c55: U65
  /abac92d4/eb994be7/ad698785: R225
  /abac92d4/eb994be7/0216826f: C173
  /53b147f5/eb994be7/879bd915: R128
  /44385ac6/eb994be7/93298c08: Q1
  /53b147f5/eb994be7/a2546b54: R134
  /abac92d4/5caa8701/8fd280b9: Y4
  /44385ac6/2996aedb/79483059: R52
  /04d63f39/7900c120/8fd280b9: Y6
  /4a26135b/83efb510/af330e37: R254
  /abac92d4/5caa8701/ac768241: U45
  /04d63f39/83efb510/2ec636f8: C223
  /44385ac6/eb994be7/72ca1877: R19
  /44385ac6/eb994be7/879bd915: R6
  /abac92d4/2996aedb/2ec636f8: C146
  /44385ac6/eb994be7/5a4a0c5f: Q2
  /04d63f39/83efb510/2692c080: C220
  /4a26135b/83efb510/e50ace63: R264
  /abac92d4/eb994be7/28d60a13: C174
  /4a26135b/7900c120/797619f6: J21
  /44385ac6/eb994be7/dbd664f3: R15
  /4a26135b/83efb510/70cfd7b4: C201
  /44385ac6/eb994be7/b0b1c027: R2
  /44385ac6/2996aedb/83690ced: C26
  /abac92d4/eb994be7/01d26dc8: Q40
  /44385ac6/eb994be7/2ade7d78: R9
  /abac92d4/eb994be7/8f785479: U49
  /44385ac6/eb994be7/a05d0333: R10
  /53b147f5/eb994be7/c52c968b: R125
  /abac92d4/5caa8701/b9358787: C164
  /4a26135b/83efb510/c8f4b82e: R256
  /53b147f5/eb994be7/23d8beb1: U35
  /04d63f39/83efb510/06db586e: R277
  /04d63f39/83efb510/d4a4089d: R285
  /53b147f5/eb994be7/241c85fa: R142
  /4a26135b/83efb510/c0c731ff: R260
  /44385ac6/eb994be7/a15e9631: R41
  /04d63f39/83efb510/79483059: R281
  /44385ac6/eb994be7/ebcf196d: R17
  /53b147f5/5caa8701/b9358787: C132
  /04d63f39/83efb510/2b543b82: C224
  /53b147f5/eb994be7/2121ff10: R155
  /53b147f5/5caa8701/7b504620: R183
  /44385ac6/eb994be7/b25047cb: U8
  /44385ac6/eb994be7/7bd6eec7: R37
  /53b147f5/eb994be7/04903647: R133
  /abac92d4/eb994be7/2f77eec1: R209
  /abac92d4/eb994be7/b4871560: U48
  /53b147f5/5caa8701/6d43f53d: R181
  /abac92d4/eb994be7/48eff81a: R224
  /44385ac6/eb994be7/28d60a13: C6
  /53b147f5/eb994be7/9610b743: R147
  /3b61b23e: U58
  /abac92d4/eb994be7/79c23af2: C171
  /44385ac6/2996aedb/b0b6f213: C24
  /44385ac6/eb994be7/826703ee: U5
  /44385ac6/eb994be7/f1da69a6: R27
  /44385ac6/5caa8701/ac768241: U15
  /53b147f5/2996aedb/83690ced: C121
  /04d63f39/7900c120/6d43f53d: R288
  /abac92d4/5caa8701/639d3192: C165
  /53b147f5/2996aedb/377113b7: C129
  /abac92d4/2996aedb/2b543b82: C147
  /abac92d4/eb994be7/c0661c7a: C172
  /44385ac6/5caa8701/914b1c55: U12
  /44385ac6/eb994be7/fbc4f366: U1
  /53b147f5/5caa8701/7bfd064b: C254
  /53b147f5/eb994be7/25eb8f06: C103
  /44385ac6/2996aedb/142cdb97: R43
  /abac92d4/eb994be7/04903647: R213
  /abac92d4/eb994be7/0a903369: R230
  /53b147f5/eb994be7/d6a0d942: C104
  /44385ac6/eb994be7/44be16bd: R42
  /abac92d4/5caa8701/9aaee289: D7
  /53b147f5/eb994be7/ebcf196d: R139
  /44385ac6/2996aedb/d4a4089d: R56
  /4a26135b/83efb510/0cc270c1: C190
  /04d63f39/83efb510/c0c731ff: R279
  /abac92d4/2996aedb/63208d2d: R192
  /53b147f5/eb994be7/72ca1877: R141
  /abac92d4/eb994be7/7b1437eb: R241
  /53b147f5/5caa8701/f651a665: C266
  /a6bad12b: R291
  /44385ac6/eb994be7/b4871560: U3
  /4a26135b/83efb510/b0b6f213: C196
  /53b147f5/2996aedb/d4a4089d: R178
  /53b147f5/eb994be7/ae40bce9: R156
  /53b147f5/2996aedb/c8f4b82e: R168
  /abac92d4/5caa8701/7bfd064b: C255
  /4a26135b/7900c120/e67e12f4: D10
  /44385ac6/5caa8701/ac4e7b65: C246
  /44385ac6/eb994be7/de666706: R29
  /4a26135b/83efb510/142cdb97: R253
  /abac92d4/eb994be7/6e3c7945: R218
  /abac92d4/2996aedb/06db586e: R189
  /44385ac6/eb994be7/0c3dbb22: R30
  /53b147f5/5caa8701/9aaee289: D5
  /44385ac6/eb994be7/06a24946: R4
  /44385ac6/5caa8701/92683b2c: R58
  /abac92d4/eb994be7/826703ee: U50
  /44385ac6/5caa8701/639d3192: C38
  /abac92d4/5caa8701/6d43f53d: R200
  /abac92d4/eb994be7/9936a6ba: R203
  /53b147f5/eb994be7/826703ee: U33
  /44385ac6/2996aedb/0cc270c1: C18
  /53b147f5/eb994be7/44be16bd: R164
  /53b147f5/eb994be7/0c3dbb22: R152
  /53b147f5/eb994be7/ad698785: R145
  /abac92d4/eb994be7/7bd6eec7: R239
  /abac92d4/2996aedb/79483059: R193
  /53b147f5/eb994be7/322a6777: Q23
  /44385ac6/2996aedb/2ec636f8: C19
  /04d63f39/83efb510/f56dd39c: R278
  /53b147f5/5caa8701/914b1c55: U40
  /44385ac6/eb994be7/8f785479: U4
  /44385ac6/5caa8701/01bede8a: C258
  /53b147f5/eb994be7/912f91db: R153
  /44385ac6/eb994be7/42cd8441: U2
  /abac92d4/2996aedb/c8f4b82e: R187
  /53b147f5/eb994be7/7bd6eec7: R159
  /44385ac6/eb994be7/ace563f1: Q5
  /44385ac6/5caa8701/6d43f53d: R59
  /abac92d4/eb994be7/de666706: R231
  /53b147f5/eb994be7/dbd664f3: R137
  /ecf4adb7: C181
  /44385ac6/38f7ec2b: J11
  /04d63f39/83efb510/05b30a76: R276
  /9a0e3fdc: C180
  /abac92d4/eb994be7/42cd8441: U47
  /44385ac6/eb994be7/598d359b: R36
  /53b147f5/eb994be7/b4871560: U31
  /abac92d4/eb994be7/ebcf196d: R219
  /04d63f39/83efb510/70cfd7b4: C233
  /abac92d4/2996aedb/32eda6c3: C148
  /abac92d4/2abafdbf: R248
  /53b147f5/2996aedb/dbf24fd0: C131
  /abac92d4/2996aedb/ec57e852: U43
  /abac92d4/2996aedb/4f2fd6d6: C159
  /44385ac6/2996aedb/78f27f1e: C17
  /4a26135b/83efb510/50b11da5: C185
  /abac92d4/2996aedb/fec6b7b2: R194
  /abac92d4/2996aedb/d79ff04a: C152
  /53b147f5/2996aedb/d79ff04a: C120
  /abac92d4/2996aedb/9e5bb971: C154
  /04d63f39/83efb510/8ed6c7ee: C214
  /04d63f39/83efb510/4f2fd6d6: C236
  /44385ac6/2996aedb/5708a2ea: R55
  /44385ac6/2996aedb/5b01b35c: C31
  /abac92d4/2996aedb/6a0410db: C150
  /44385ac6/2996aedb/74ca3eb3: R57
  /04d63f39/83efb510/fec6b7b2: R282
  /1c21c7f5: J15
  /04d63f39/83efb510/ec57e852: U68
  /53b147f5/2996aedb/e1a0afe7: Q28
  /abac92d4/be4e6860: Q43
  /4a26135b/83efb510/752cd22b: C200
  /4a26135b/83efb510/5708a2ea: R265
  /53b147f5/2996aedb/78f27f1e: C112
  /53b147f5/2996aedb/6a0410db: C118
  /abac92d4/2996aedb/2565b150: Q34
  /53b147f5/fab2a6b8: R250
  /44385ac6/2996aedb/32eda6c3: C21
  /abac92d4/2996aedb/8ed6c7ee: C137
  /53b147f5/2996aedb/9e5bb971: C122
  /04d63f39/83efb510/32eda6c3: C225
  /4a26135b/83efb510/78f27f1e: C189
  /44385ac6/2996aedb/50b11da5: C13
  /53b147f5/2996aedb/04241121: C125
  /04d63f39/83efb510/dbf24fd0: C240
  /04d63f39/83efb510/e610de38: C216
  /abac92d4/2996aedb/c2063492: C138
  /04d63f39/83efb510/0972d1f1: C239
  /4a26135b/83efb510/80ab2574: C186
  /abac92d4/71250e05: K3
  /53b147f5/2996aedb/74ca3eb3: R179
  /4a26135b/83efb510/dbf24fd0: C208
  /53b147f5/2996aedb/0972d1f1: C130
  /4a26135b/83efb510/ed0b2b13: Q45
  /53b147f5/2996aedb/2565b150: Q30
  /53b147f5/2996aedb/c2063492: C106
  /abac92d4/2996aedb/752cd22b: C155
  /53b147f5/2996aedb/4f2fd6d6: C127
  /04d63f39/83efb510/d79ff04a: C229
  /abac92d4/2996aedb/50b11da5: C140
  /44385ac6/2996aedb/d79ff04a: C25
  /4a26135b/83efb510/c2063492: C183
  /44385ac6/be4e6860: Q44
  /53b147f5/2996aedb/ec57e852: U39
  /44385ac6/2996aedb/c2063492: C11
  /04d63f39/83efb510/e1a0afe7: Q50
  /44385ac6/2996aedb/0972d1f1: C35
  /44385ac6/2996aedb/9e5bb971: C27
  /04d63f39/83efb510/78f27f1e: C221
  /04d63f39/83efb510/80ab2574: C218
  /4a26135b/83efb510/0972d1f1: C207
  /04d63f39/83efb510/752cd22b: C232
  /44385ac6/1f9b687e: U62
  /abac92d4/2996aedb/ed0b2b13: Q31
  /44385ac6/2996aedb/752cd22b: C28
  /53b147f5/be4e6860: Q42
  /53b147f5/2996aedb/fec6b7b2: R175
  /44385ac6/2996aedb/5eb65ca3: L1
  /04d63f39/83efb510/37b9b87e: Q51
  /44385ac6/2996aedb/e610de38: C12
  /04d63f39/83efb510/4cc549da: C237
  /04d63f39/83efb510/5b01b35c: C235
  /53b147f5/2996aedb/4cc549da: C128
  /abac92d4/2996aedb/80ab2574: C141
  /04d63f39/83efb510/5eb65ca3: L10
  /4a26135b/83efb510/e1a0afe7: Q46
  /4a26135b/83efb510/2565b150: Q48
  /4a26135b/83efb510/6a0410db: C195
  /04d63f39/83efb510/6a0410db: C227
  /4a26135b/83efb510/d79ff04a: C197
  /4a26135b/83efb510/4f2fd6d6: C204
  /44385ac6/2996aedb/80ab2574: C14
  /44385ac6/2996aedb/04241121: C30
  /abac92d4/2996aedb/5708a2ea: R196
  /53b147f5/2996aedb/8ed6c7ee: C105
  /4a26135b/83efb510/9e5bb971: C199
  /44385ac6/2996aedb/fec6b7b2: R53
  /abac92d4/2996aedb/dbf24fd0: C163
  /44385ac6/2996aedb/e1a0afe7: Q8
  /04d63f39/83efb510/2565b150: Q52
  /44385ac6/2996aedb/2565b150: Q10
  /04d63f39/83efb510/9e5bb971: C231
  /44385ac6/2abafdbf: R245
  /53b147f5/2996aedb/752cd22b: C123
  /44385ac6/fab2a6b8: R252
  /abac92d4/2996aedb/37b9b87e: Q33
  /4a26135b/83efb510/ec57e852: U64
  /44385ac6/2996aedb/ec57e852: U11
  /44385ac6/2996aedb/4f2fd6d6: C32
  /4a26135b/83efb510/04241121: C202
  /4a26135b/83efb510/74ca3eb3: R267
  /44385ac6/d2e087ad: J19
  /44385ac6/2996aedb/4cc549da: C33
  /44385ac6/2996aedb/37b9b87e: Q9
  /44385ac6/2996aedb/6a0410db: C23
  /04d63f39/83efb510/74ca3eb3: R286
  /04d63f39/83efb510/04241121: C234
  /04d63f39/83efb510/50b11da5: C217
  /04d63f39/83efb510/ed0b2b13: Q49
  /abac92d4/2996aedb/0972d1f1: C162
  /abac92d4/d2e087ad: J18
  /53b147f5/2996aedb/32eda6c3: C116
  /abac92d4/2996aedb/04241121: C157
  /abac92d4/2996aedb/5b01b35c: C158
  /04d63f39/83efb510/5708a2ea: R284
  /4a26135b/83efb510/8ed6c7ee: C182
  /53b147f5/1f9b687e: U60
  /abac92d4/2996aedb/e610de38: C139
  /4a26135b/83efb510/5eb65ca3: L9
  /44385ac6/2996aedb/dbf24fd0: C36
  /4a26135b/83efb510/5b01b35c: C203
  /04d63f39/83efb510/c2063492: C215
  /53b147f5/2996aedb/80ab2574: C109
  /abac92d4/1f9b687e: U61
  /abac92d4/2996aedb/78f27f1e: C144
  /53b147f5/71250e05: K2
  /abac92d4/2996aedb/4cc549da: C160
  /4a26135b/83efb510/fec6b7b2: R263
  /44385ac6/2996aedb/8ed6c7ee: C10
  /53b147f5/2996aedb/ed0b2b13: Q27
  /53b147f5/2996aedb/37b9b87e: Q29
  /44385ac6/71250e05: K4
  /53b147f5/2abafdbf: R247
  /44385ac6/2996aedb/ed0b2b13: Q7
  /abac92d4/fab2a6b8: R251
  /abac92d4/2996aedb/e1a0afe7: Q32
  /4a26135b/83efb510/e610de38: C184
  /4a26135b/83efb510/32eda6c3: C193
  /53b147f5/d2e087ad: J17
  /4a26135b/83efb510/37b9b87e: Q47
  /4a26135b/83efb510/4cc549da: C205
  /53b147f5/2996aedb/5eb65ca3: L7
  /53b147f5/2996aedb/5708a2ea: R177
  /abac92d4/2996aedb/5eb65ca3: L8
  /53b147f5/2996aedb/e610de38: C107
  /abac92d4/2996aedb/74ca3eb3: R198
  /53b147f5/2996aedb/50b11da5: C108
  /53b147f5/2996aedb/5b01b35c: C126
Selected for 0 : C:\Users\shink\Projects\RC_Charger\ClassD.kicad_pcb
Anchors  (U13): ['C270', 'C271', 'C272', 'C273', 'C274', 'C275', 'C42', 'C43', 'C44', 'C45', 'C46', 'C47', 'C48', 'C49', 'C50', 'C51', 'C52', 'C53', 'C54', 'J3', 'J4', 'L2', 'L3', 'L4', 'L5', 'U13', 'U14']
ERR.1	footprint not found, skipping
 Message: Corresponding to C274 for sheet Audio
 Footprint: C274
 SubPCB: C:\Users\shink\Projects\RC_Charger\ClassD.kicad_pcb
ERR.1	footprint not found, skipping
 Message: Corresponding to C271 for sheet Audio
 Footprint: C271
 SubPCB: C:\Users\shink\Projects\RC_Charger\ClassD.kicad_pcb
ERR.1	footprint not found, skipping
 Message: Corresponding to C272 for sheet Audio
 Footprint: C272
 SubPCB: C:\Users\shink\Projects\RC_Charger\ClassD.kicad_pcb
ERR.1	footprint not found, skipping
 Message: Corresponding to C273 for sheet Audio
 Footprint: C273
 SubPCB: C:\Users\shink\Projects\RC_Charger\ClassD.kicad_pcb
ERR.1	footprint not found, skipping
 Message: Corresponding to C270 for sheet Audio
 Footprint: C270
 SubPCB: C:\Users\shink\Projects\RC_Charger\ClassD.kicad_pcb
ERR.1	footprint not found, skipping
 Message: Corresponding to C275 for sheet Audio
 Footprint: C275
 SubPCB: C:\Users\shink\Projects\RC_Charger\ClassD.kicad_pcb
Saved.
