01-29 00:48:05 com_github_MitjaNemec_ReplicateLayout.action_replicate_layout 392:Plugin executed on: 'win32'
01-29 00:48:05 com_github_MitjaNemec_ReplicateLayout.action_replicate_layout 393:Plugin executed with python version: '3.9.16 (main, Oct 13 2023, 05:50:11) [MSC v.1936 64 bit (AMD64)]'
01-29 00:48:05 com_github_MitjaNemec_ReplicateLayout.action_replicate_layout 394:KiCad build version: 7.0.9
01-29 00:48:05 com_github_MitjaNemec_ReplicateLayout.action_replicate_layout 395:Plugin version: 2.1.3
01-29 00:48:05 com_github_MitjaNemec_ReplicateLayout.action_replicate_layout 396:Frame repr: <wx._core.Frame object at 0x0000015D96E83CA0>
01-29 00:48:05 com_github_MitjaNemec_ReplicateLayout.action_replicate_layout 420:Preparing replicator with K5 as a reference
01-29 00:48:05 com_github_MitjaNemec_ReplicateLayout.replicate_layout 117:getting a list of all footprints on board
01-29 00:48:05 com_github_MitjaNemec_ReplicateLayout.action_replicate_layout 468:source anchor footprint is 'K5'
Located on: ['BattStage1']
With filenames: ['battstage.kicad_sch']
With sheet_id:['BattStage1']
01-29 00:48:05 com_github_MitjaNemec_ReplicateLayout.action_replicate_layout 475:Corresponding footprints are 
[('K6', ['BattStage2']), ('K5', ['BattStage1'])]
01-29 00:48:05 com_github_MitjaNemec_ReplicateLayout.action_replicate_layout 487:Showing dialog
01-29 00:48:05 com_github_MitjaNemec_ReplicateLayout.replicate_layout 424:constructing a list of sheets suitable for replication on level:'BattStage1', file:'battstage.kicad_sch'
01-29 00:48:05 com_github_MitjaNemec_ReplicateLayout.replicate_layout 461:suitable sheets are:[['BattStage2']]
01-29 00:48:05 com_github_MitjaNemec_ReplicateLayout.replicate_layout 1464:Level selected: ['BattStage1']
01-29 00:48:05 com_github_MitjaNemec_ReplicateLayout.replicate_layout 1299:Filtering list of tracks
01-29 00:48:05 com_github_MitjaNemec_ReplicateLayout.action_replicate_layout 493:Toolbar position: wx.Point(-1958, 514)
01-29 00:48:05 com_github_MitjaNemec_ReplicateLayout.action_replicate_layout 498:Dialog position: wx.Point(-2397, 514)
01-29 00:48:08 com_github_MitjaNemec_ReplicateLayout.replicate_layout 424:constructing a list of sheets suitable for replication on level:'BattStage1', file:'battstage.kicad_sch'
01-29 00:48:08 com_github_MitjaNemec_ReplicateLayout.replicate_layout 461:suitable sheets are:[['BattStage2']]
01-29 00:48:08 com_github_MitjaNemec_ReplicateLayout.action_replicate_layout 240:Replicating layout
01-29 00:48:08 com_github_MitjaNemec_ReplicateLayout.replicate_layout 240:Starting replication of sheets: [['BattStage2']]
on level: ['BattStage1']
with tracks=True, zone=True, text=True, text=True, intersecting=False, remove=False, locked footprints=False, group_only=False
01-29 00:48:08 root 332:updating GUI message: 'Preparing for replication'
01-29 00:48:08 root 337:updating GUI with: 0
01-29 00:48:08 com_github_MitjaNemec_ReplicateLayout.replicate_layout 310:Getting the list of source footprints
01-29 00:48:08 com_github_MitjaNemec_ReplicateLayout.replicate_layout 320:Getting the list of all the remaining footprints
01-29 00:48:08 com_github_MitjaNemec_ReplicateLayout.replicate_layout 327:Getting source tracks
01-29 00:48:08 com_github_MitjaNemec_ReplicateLayout.replicate_layout 1299:Filtering list of tracks
01-29 00:48:08 com_github_MitjaNemec_ReplicateLayout.replicate_layout 331:Getting source zones
01-29 00:48:08 root 337:updating GUI with: 50
01-29 00:48:08 com_github_MitjaNemec_ReplicateLayout.replicate_layout 335:Getting source text items
01-29 00:48:08 com_github_MitjaNemec_ReplicateLayout.replicate_layout 339:Getting source drawing items
01-29 00:48:08 root 332:updating GUI message: 'Replicating footprints'
01-29 00:48:08 com_github_MitjaNemec_ReplicateLayout.replicate_layout 806:Replicating footprints
01-29 00:48:08 com_github_MitjaNemec_ReplicateLayout.replicate_layout 813:Replicating footprints on sheet ['BattStage2']
01-29 00:48:08 root 337:updating GUI with: 35
01-29 00:48:08 root 332:updating GUI message: 'Replicating tracks'
01-29 00:48:08 com_github_MitjaNemec_ReplicateLayout.replicate_layout 977:Replicating tracks
01-29 00:48:08 com_github_MitjaNemec_ReplicateLayout.replicate_layout 983:Replicating tracks on sheet ['BattStage2']
01-29 00:48:08 com_github_MitjaNemec_ReplicateLayout.replicate_layout 766:Net pairs for sheet ['BattStage2'] :[('Net-(R15-Pad1)', 'Net-(R91-Pad1)'), ('Net-(R18-Pad1)', 'Net-(R94-Pad1)'), ('Net-(Q6-D)', 'Net-(Q20-D)'), ('Net-(Q10-G)', 'Net-(Q14-G)'), ('/BattStage1/Feedback/C5', '/BattStage2/Feedback/C5'), ('Net-(J19-Pin_2)', 'Net-(J16-Pin_2)'), ('Net-(Q1-D)', 'Net-(Q15-D)'), ('/BattStage1/PowerStage/VOUT', '/BattStage2/PowerStage/VOUT'), ('+3V3', '+3V3'), ('/BattStage1/Feedback/S2', '/BattStage2/Feedback/S2'), ('/BattStage1/IOMCU/VBATT', '/BattStage2/IOMCU/VBATT'), ('/BattStage1/PowerStage/EN', '/BattStage2/PowerStage/EN'), ('Net-(Q4-D)', 'Net-(Q18-D)'), ('Net-(R52-Pad2)', 'Net-(R71-Pad2)'), ('Net-(Q8-D)', 'Net-(Q12-D)'), ('unconnected-(U15-PC15-Pad4)', 'unconnected-(U28-PC15-Pad4)'), ('Net-(U9B-+)', 'Net-(U26B-+)'), ('/BattStage1/IOMCU/IOUT', '/BattStage2/IOMCU/IOUT'), ('Net-(JP2-C)', 'Net-(JP4-C)'), ('Net-(U7A--)', 'Net-(U24A--)'), ('unconnected-(U15-PB5-Pad41)', 'unconnected-(U28-PB5-Pad41)'), ('Net-(Q6-G)', 'Net-(Q20-G)'), ('Net-(U62--)', 'Net-(U59--)'), ('+5V', '+5V'), ('unconnected-(U15-PB9-Pad46)', 'unconnected-(U28-PB9-Pad46)'), ('/BattStage1/Feedback/S3', '/BattStage2/Feedback/S3'), ('/BattStage1/PowerStage/SCL', '/BattStage2/PowerStage/SCL'), ('Net-(U9A--)', 'Net-(U26A--)'), ('Net-(JP1-B)', 'Net-(JP3-B)'), ('/BattStage1/Feedback/C1+', '/BattStage2/Feedback/C1+'), ('Net-(U8A-+)', 'Net-(U25A-+)'), ('Net-(U7B-+)', 'Net-(U24B-+)'), ('/BattStage1/IOMCU/ILIM', '/BattStage2/IOMCU/ILIM'), ('Net-(Q2-G)', 'Net-(Q16-G)'), ('', ''), ('Net-(Q4-G)', 'Net-(Q18-G)'), ('Net-(U10-VCC)', 'Net-(U16-VCC)'), ('Net-(R16-Pad1)', 'Net-(R92-Pad1)'), ('/BattStage1/Feedback/C5+', '/BattStage2/Feedback/C5+'), ('Net-(U11-+)', 'Net-(U17-+)'), ('Net-(U10-FB)', 'Net-(U16-FB)'), ('/BattStage1/PowerStage/AVDD', '/BattStage2/PowerStage/AVDD'), ('Net-(Q10-S-Pad1)', 'Net-(Q12-S-Pad1)'), ('Net-(Q9-G)', 'Net-(Q13-G)'), ('/BattStage1/IOMCU/OUT_EN', '/BattStage2/IOMCU/OUT_EN'), ('Net-(U10-BST1)', 'Net-(U16-BST1)'), ('GND', 'GND'), ('Net-(Q3-G)', 'Net-(Q17-G)'), ('/BattStage1/Feedback/C0', '/BattStage2/Feedback/C0'), ('Net-(U8B--)', 'Net-(U25B--)'), ('Net-(D1-K)', 'Net-(D3-K)'), ('Net-(Q5-D)', 'Net-(Q19-D)'), ('/BattStage1/Feedback/C4', '/BattStage2/Feedback/C4'), ('/BattStage1/Feedback/S4', '/BattStage2/Feedback/S4'), ('/BattStage1/PowerStage/INT', '/BattStage2/PowerStage/INT'), ('/BattStage1/Feedback/C2', '/BattStage2/Feedback/C2'), ('Net-(U10-SS)', 'Net-(U16-SS)'), ('Net-(U10-IAVGP)', 'Net-(U16-IAVGP)'), ('Net-(U10-IMON)', 'Net-(U16-IMON)'), ('Net-(U10-IAVGN)', 'Net-(U16-IAVGN)'), ('/BattStage1/Feedback/C3+', '/BattStage2/Feedback/C3+'), ('Net-(Q5-G)', 'Net-(Q19-G)'), ('Net-(U10-COMP)', 'Net-(U16-COMP)'), ('Net-(D2-K)', 'Net-(D4-K)'), ('IO_SCL', 'IO_SCL'), ('Net-(J2-Pin_3)', 'Net-(J7-Pin_3)'), ('/BattStage1/Feedback/C4+', '/BattStage2/Feedback/C4+'), ('Net-(R51-Pad2)', 'Net-(R70-Pad2)'), ('Net-(U15-PD1)', 'Net-(U28-PD1)'), ('Net-(Q9-D)', 'Net-(Q13-D)'), ('Net-(Q3-D)', 'Net-(Q17-D)'), ('Net-(U15-PD0)', 'Net-(U28-PD0)'), ('Net-(U9A-+)', 'Net-(U26A-+)'), ('VCC', 'VCC'), ('Net-(J2-Pin_2)', 'Net-(J7-Pin_2)'), ('/BattStage1/Feedback/S1', '/BattStage2/Feedback/S1'), ('Net-(D2-A)', 'Net-(D4-A)'), ('Net-(R55-Pad2)', 'Net-(R74-Pad2)'), ('/BattStage1/Feedback/C0+', '/BattStage2/Feedback/C0+'), ('Net-(D1-A)', 'Net-(D3-A)'), ('unconnected-(U15-PA12-Pad33)', 'unconnected-(U28-PA12-Pad33)'), ('IO_SDA', 'IO_SDA'), ('/BattStage1/IOMCU/UART1_TX', '/BattStage2/IOMCU/UART1_TX'), ('Net-(Q1-G)', 'Net-(Q15-G)'), ('Net-(C22-Pad1)', 'Net-(C67-Pad1)'), ('/BattStage1/PowerStage/SDA', '/BattStage2/PowerStage/SDA'), ('Net-(R14-Pad1)', 'Net-(R90-Pad1)'), ('Net-(U8B-+)', 'Net-(U25B-+)'), ('unconnected-(U15-PA15-Pad38)', 'unconnected-(U28-PA15-Pad38)'), ('Net-(U9B--)', 'Net-(U26B--)'), ('/BattStage1/Feedback/S5', '/BattStage2/Feedback/S5'), ('Net-(U10-CSN)', 'Net-(U16-CSN)'), ('Net-(U11--)', 'Net-(U17--)'), ('unconnected-(U15-PB8-Pad45)', 'unconnected-(U28-PB8-Pad45)'), ('Net-(U7B--)', 'Net-(U24B--)'), ('/BattStage1/Feedback/C1', '/BattStage2/Feedback/C1'), ('Net-(U7A-+)', 'Net-(U24A-+)'), ('Net-(Q7-G)', 'Net-(Q11-G)'), ('Net-(R13-Pad1)', 'Net-(R89-Pad1)'), ('Net-(C33-Pad1)', 'Net-(C42-Pad1)'), ('Net-(Q10-D)', 'Net-(Q14-D)'), ('Net-(Q8-G)', 'Net-(Q12-G)'), ('Net-(Q2-D)', 'Net-(Q16-D)'), ('Net-(D5-A)', 'Net-(D6-A)'), ('Net-(U10-CSP)', 'Net-(U16-CSP)'), ('/BattStage1/Feedback/C3', '/BattStage2/Feedback/C3'), ('Net-(U8A--)', 'Net-(U25A--)'), ('unconnected-(U10-NC-Pad14)', 'unconnected-(U16-NC-Pad14)'), ('Net-(U10-BST2)', 'Net-(U16-BST2)'), ('Net-(R54-Pad2)', 'Net-(R73-Pad2)'), ('/BattStage1/IOMCU/UART1_RX', '/BattStage2/IOMCU/UART1_RX'), ('Net-(U15-PA0)', 'Net-(U28-PA0)'), ('/BattStage1/Feedback/S0', '/BattStage2/Feedback/S0'), ('/BattStage1/Feedback/C2+', '/BattStage2/Feedback/C2+'), ('VIN', 'VIN'), ('Net-(R17-Pad1)', 'Net-(R93-Pad1)')]
01-29 00:48:08 root 337:updating GUI with: 0
01-29 00:48:08 root 337:updating GUI with: 55
01-29 00:48:08 root 332:updating GUI message: 'Replicating zones'
01-29 00:48:08 com_github_MitjaNemec_ReplicateLayout.replicate_layout 1047:Replicating zones
01-29 00:48:08 com_github_MitjaNemec_ReplicateLayout.replicate_layout 1054:Replicating zones on sheet ['BattStage2']
01-29 00:48:08 com_github_MitjaNemec_ReplicateLayout.replicate_layout 766:Net pairs for sheet ['BattStage2'] :[('Net-(R15-Pad1)', 'Net-(R91-Pad1)'), ('Net-(R18-Pad1)', 'Net-(R94-Pad1)'), ('Net-(Q6-D)', 'Net-(Q20-D)'), ('Net-(Q10-G)', 'Net-(Q14-G)'), ('/BattStage1/Feedback/C5', '/BattStage2/Feedback/C5'), ('Net-(J19-Pin_2)', 'Net-(J16-Pin_2)'), ('Net-(Q1-D)', 'Net-(Q15-D)'), ('/BattStage1/PowerStage/VOUT', '/BattStage2/PowerStage/VOUT'), ('+3V3', '+3V3'), ('/BattStage1/Feedback/S2', '/BattStage2/Feedback/S2'), ('/BattStage1/IOMCU/VBATT', '/BattStage2/IOMCU/VBATT'), ('/BattStage1/PowerStage/EN', '/BattStage2/PowerStage/EN'), ('Net-(Q4-D)', 'Net-(Q18-D)'), ('Net-(R52-Pad2)', 'Net-(R71-Pad2)'), ('Net-(Q8-D)', 'Net-(Q12-D)'), ('unconnected-(U15-PC15-Pad4)', 'unconnected-(U28-PC15-Pad4)'), ('Net-(U9B-+)', 'Net-(U26B-+)'), ('/BattStage1/IOMCU/IOUT', '/BattStage2/IOMCU/IOUT'), ('Net-(JP2-C)', 'Net-(JP4-C)'), ('Net-(U7A--)', 'Net-(U24A--)'), ('unconnected-(U15-PB5-Pad41)', 'unconnected-(U28-PB5-Pad41)'), ('Net-(Q6-G)', 'Net-(Q20-G)'), ('Net-(U62--)', 'Net-(U59--)'), ('+5V', '+5V'), ('unconnected-(U15-PB9-Pad46)', 'unconnected-(U28-PB9-Pad46)'), ('/BattStage1/Feedback/S3', '/BattStage2/Feedback/S3'), ('/BattStage1/PowerStage/SCL', '/BattStage2/PowerStage/SCL'), ('Net-(U9A--)', 'Net-(U26A--)'), ('Net-(JP1-B)', 'Net-(JP3-B)'), ('/BattStage1/Feedback/C1+', '/BattStage2/Feedback/C1+'), ('Net-(U8A-+)', 'Net-(U25A-+)'), ('Net-(U7B-+)', 'Net-(U24B-+)'), ('/BattStage1/IOMCU/ILIM', '/BattStage2/IOMCU/ILIM'), ('Net-(Q2-G)', 'Net-(Q16-G)'), ('', ''), ('Net-(Q4-G)', 'Net-(Q18-G)'), ('Net-(U10-VCC)', 'Net-(U16-VCC)'), ('Net-(R16-Pad1)', 'Net-(R92-Pad1)'), ('/BattStage1/Feedback/C5+', '/BattStage2/Feedback/C5+'), ('Net-(U11-+)', 'Net-(U17-+)'), ('Net-(U10-FB)', 'Net-(U16-FB)'), ('/BattStage1/PowerStage/AVDD', '/BattStage2/PowerStage/AVDD'), ('Net-(Q10-S-Pad1)', 'Net-(Q12-S-Pad1)'), ('Net-(Q9-G)', 'Net-(Q13-G)'), ('/BattStage1/IOMCU/OUT_EN', '/BattStage2/IOMCU/OUT_EN'), ('Net-(U10-BST1)', 'Net-(U16-BST1)'), ('GND', 'GND'), ('Net-(Q3-G)', 'Net-(Q17-G)'), ('/BattStage1/Feedback/C0', '/BattStage2/Feedback/C0'), ('Net-(U8B--)', 'Net-(U25B--)'), ('Net-(D1-K)', 'Net-(D3-K)'), ('Net-(Q5-D)', 'Net-(Q19-D)'), ('/BattStage1/Feedback/C4', '/BattStage2/Feedback/C4'), ('/BattStage1/Feedback/S4', '/BattStage2/Feedback/S4'), ('/BattStage1/PowerStage/INT', '/BattStage2/PowerStage/INT'), ('/BattStage1/Feedback/C2', '/BattStage2/Feedback/C2'), ('Net-(U10-SS)', 'Net-(U16-SS)'), ('Net-(U10-IAVGP)', 'Net-(U16-IAVGP)'), ('Net-(U10-IMON)', 'Net-(U16-IMON)'), ('Net-(U10-IAVGN)', 'Net-(U16-IAVGN)'), ('/BattStage1/Feedback/C3+', '/BattStage2/Feedback/C3+'), ('Net-(Q5-G)', 'Net-(Q19-G)'), ('Net-(U10-COMP)', 'Net-(U16-COMP)'), ('Net-(D2-K)', 'Net-(D4-K)'), ('IO_SCL', 'IO_SCL'), ('Net-(J2-Pin_3)', 'Net-(J7-Pin_3)'), ('/BattStage1/Feedback/C4+', '/BattStage2/Feedback/C4+'), ('Net-(R51-Pad2)', 'Net-(R70-Pad2)'), ('Net-(U15-PD1)', 'Net-(U28-PD1)'), ('Net-(Q9-D)', 'Net-(Q13-D)'), ('Net-(Q3-D)', 'Net-(Q17-D)'), ('Net-(U15-PD0)', 'Net-(U28-PD0)'), ('Net-(U9A-+)', 'Net-(U26A-+)'), ('VCC', 'VCC'), ('Net-(J2-Pin_2)', 'Net-(J7-Pin_2)'), ('/BattStage1/Feedback/S1', '/BattStage2/Feedback/S1'), ('Net-(D2-A)', 'Net-(D4-A)'), ('Net-(R55-Pad2)', 'Net-(R74-Pad2)'), ('/BattStage1/Feedback/C0+', '/BattStage2/Feedback/C0+'), ('Net-(D1-A)', 'Net-(D3-A)'), ('unconnected-(U15-PA12-Pad33)', 'unconnected-(U28-PA12-Pad33)'), ('IO_SDA', 'IO_SDA'), ('/BattStage1/IOMCU/UART1_TX', '/BattStage2/IOMCU/UART1_TX'), ('Net-(Q1-G)', 'Net-(Q15-G)'), ('Net-(C22-Pad1)', 'Net-(C67-Pad1)'), ('/BattStage1/PowerStage/SDA', '/BattStage2/PowerStage/SDA'), ('Net-(R14-Pad1)', 'Net-(R90-Pad1)'), ('Net-(U8B-+)', 'Net-(U25B-+)'), ('unconnected-(U15-PA15-Pad38)', 'unconnected-(U28-PA15-Pad38)'), ('Net-(U9B--)', 'Net-(U26B--)'), ('/BattStage1/Feedback/S5', '/BattStage2/Feedback/S5'), ('Net-(U10-CSN)', 'Net-(U16-CSN)'), ('Net-(U11--)', 'Net-(U17--)'), ('unconnected-(U15-PB8-Pad45)', 'unconnected-(U28-PB8-Pad45)'), ('Net-(U7B--)', 'Net-(U24B--)'), ('/BattStage1/Feedback/C1', '/BattStage2/Feedback/C1'), ('Net-(U7A-+)', 'Net-(U24A-+)'), ('Net-(Q7-G)', 'Net-(Q11-G)'), ('Net-(R13-Pad1)', 'Net-(R89-Pad1)'), ('Net-(C33-Pad1)', 'Net-(C42-Pad1)'), ('Net-(Q10-D)', 'Net-(Q14-D)'), ('Net-(Q8-G)', 'Net-(Q12-G)'), ('Net-(Q2-D)', 'Net-(Q16-D)'), ('Net-(D5-A)', 'Net-(D6-A)'), ('Net-(U10-CSP)', 'Net-(U16-CSP)'), ('/BattStage1/Feedback/C3', '/BattStage2/Feedback/C3'), ('Net-(U8A--)', 'Net-(U25A--)'), ('unconnected-(U10-NC-Pad14)', 'unconnected-(U16-NC-Pad14)'), ('Net-(U10-BST2)', 'Net-(U16-BST2)'), ('Net-(R54-Pad2)', 'Net-(R73-Pad2)'), ('/BattStage1/IOMCU/UART1_RX', '/BattStage2/IOMCU/UART1_RX'), ('Net-(U15-PA0)', 'Net-(U28-PA0)'), ('/BattStage1/Feedback/S0', '/BattStage2/Feedback/S0'), ('/BattStage1/Feedback/C2+', '/BattStage2/Feedback/C2+'), ('VIN', 'VIN'), ('Net-(R17-Pad1)', 'Net-(R93-Pad1)')]
01-29 00:48:08 root 337:updating GUI with: 11
01-29 00:48:08 root 332:updating GUI message: 'Replicating text'
01-29 00:48:08 com_github_MitjaNemec_ReplicateLayout.replicate_layout 1136:Replicating text
01-29 00:48:08 com_github_MitjaNemec_ReplicateLayout.replicate_layout 1143:Replicating text on sheet ['BattStage2']
01-29 00:48:08 root 332:updating GUI message: 'Replicating drawings'
01-29 00:48:08 com_github_MitjaNemec_ReplicateLayout.replicate_layout 1187:Replicating drawings
01-29 00:48:08 com_github_MitjaNemec_ReplicateLayout.replicate_layout 1193:Replicating drawings on sheet ['BattStage2']
01-29 00:48:10 com_github_MitjaNemec_ReplicateLayout.action_replicate_layout 256:Replication complete
